{"/Users/axelhunter/Development/react-native-gesture-helper/index.js":{"path":"/Users/axelhunter/Development/react-native-gesture-helper/index.js","s":{"1":1,"2":1,"3":1,"4":0,"5":1,"6":0,"7":1,"8":0,"9":0,"10":0,"11":1,"12":0,"13":0,"14":0,"15":1,"16":0,"17":0,"18":0,"19":0,"20":0,"21":0,"22":0,"23":0,"24":0},"b":{"1":[0,0],"2":[0,0],"3":[0,0],"4":[0,0],"5":[0,0],"6":[0,0],"7":[0,0]},"f":{"1":0,"2":0,"3":0,"4":0,"5":0},"fnMap":{"1":{"name":"_isValidSwipe","line":16,"loc":{"start":{"line":16,"column":0},"end":{"line":16,"column":99}}},"2":{"name":"_gestureIsClick","line":20,"loc":{"start":{"line":20,"column":0},"end":{"line":20,"column":39}}},"3":{"name":"_isValidHorizontalSwipe","line":24,"loc":{"start":{"line":24,"column":0},"end":{"line":24,"column":47}}},"4":{"name":"_isValidVerticalSwipe","line":30,"loc":{"start":{"line":30,"column":0},"end":{"line":30,"column":45}}},"5":{"name":"(anonymous_5)","line":36,"loc":{"start":{"line":36,"column":17},"end":{"line":36,"column":40}}}},"statementMap":{"1":{"start":{"line":3,"column":0},"end":{"line":9,"column":2}},"2":{"start":{"line":11,"column":0},"end":{"line":14,"column":2}},"3":{"start":{"line":16,"column":0},"end":{"line":18,"column":1}},"4":{"start":{"line":17,"column":1},"end":{"line":17,"column":107}},"5":{"start":{"line":20,"column":0},"end":{"line":22,"column":1}},"6":{"start":{"line":21,"column":1},"end":{"line":21,"column":72}},"7":{"start":{"line":24,"column":0},"end":{"line":28,"column":1}},"8":{"start":{"line":25,"column":1},"end":{"line":25,"column":31}},"9":{"start":{"line":26,"column":1},"end":{"line":26,"column":69}},"10":{"start":{"line":27,"column":1},"end":{"line":27,"column":77}},"11":{"start":{"line":30,"column":0},"end":{"line":34,"column":1}},"12":{"start":{"line":31,"column":1},"end":{"line":31,"column":31}},"13":{"start":{"line":32,"column":1},"end":{"line":32,"column":69}},"14":{"start":{"line":33,"column":1},"end":{"line":33,"column":77}},"15":{"start":{"line":36,"column":0},"end":{"line":50,"column":1}},"16":{"start":{"line":37,"column":1},"end":{"line":37,"column":80}},"17":{"start":{"line":38,"column":4},"end":{"line":38,"column":51}},"18":{"start":{"line":38,"column":38},"end":{"line":38,"column":51}},"19":{"start":{"line":39,"column":1},"end":{"line":39,"column":31}},"20":{"start":{"line":40,"column":1},"end":{"line":48,"column":2}},"21":{"start":{"line":41,"column":2},"end":{"line":43,"column":21}},"22":{"start":{"line":44,"column":8},"end":{"line":48,"column":2}},"23":{"start":{"line":45,"column":2},"end":{"line":47,"column":19}},"24":{"start":{"line":49,"column":1},"end":{"line":49,"column":13}}},"branchMap":{"1":{"line":17,"type":"binary-expr","locations":[{"start":{"line":17,"column":8},"end":{"line":17,"column":46}},{"start":{"line":17,"column":50},"end":{"line":17,"column":106}}]},"2":{"line":21,"type":"binary-expr","locations":[{"start":{"line":21,"column":8},"end":{"line":21,"column":37}},{"start":{"line":21,"column":42},"end":{"line":21,"column":71}}]},"3":{"line":38,"type":"if","locations":[{"start":{"line":38,"column":4},"end":{"line":38,"column":4}},{"start":{"line":38,"column":4},"end":{"line":38,"column":4}}]},"4":{"line":40,"type":"if","locations":[{"start":{"line":40,"column":1},"end":{"line":40,"column":1}},{"start":{"line":40,"column":1},"end":{"line":40,"column":1}}]},"5":{"line":41,"type":"cond-expr","locations":[{"start":{"line":42,"column":10},"end":{"line":42,"column":21}},{"start":{"line":43,"column":10},"end":{"line":43,"column":20}}]},"6":{"line":44,"type":"if","locations":[{"start":{"line":44,"column":8},"end":{"line":44,"column":8}},{"start":{"line":44,"column":8},"end":{"line":44,"column":8}}]},"7":{"line":45,"type":"cond-expr","locations":[{"start":{"line":46,"column":10},"end":{"line":46,"column":20}},{"start":{"line":47,"column":10},"end":{"line":47,"column":18}}]}}}}