TN:
SF:/Users/axelhunter/Development/react-native-gesture-helper/index.js
FN:16,_isValidSwipe
FN:20,_gestureIsClick
FN:24,_isValidHorizontalSwipe
FN:30,_isValidVerticalSwipe
FN:36,(anonymous_5)
FNF:5
FNH:0
FNDA:0,_isValidSwipe
FNDA:0,_gestureIsClick
FNDA:0,_isValidHorizontalSwipe
FNDA:0,_isValidVerticalSwipe
FNDA:0,(anonymous_5)
DA:3,1
DA:11,1
DA:16,1
DA:17,0
DA:20,1
DA:21,0
DA:24,1
DA:25,0
DA:26,0
DA:27,0
DA:30,1
DA:31,0
DA:32,0
DA:33,0
DA:36,1
DA:37,0
DA:38,0
DA:39,0
DA:40,0
DA:41,0
DA:44,0
DA:45,0
DA:49,0
LF:23
LH:7
BRDA:17,1,0,0
BRDA:17,1,1,0
BRDA:21,2,0,0
BRDA:21,2,1,0
BRDA:38,3,0,0
BRDA:38,3,1,0
BRDA:40,4,0,0
BRDA:40,4,1,0
BRDA:41,5,0,0
BRDA:41,5,1,0
BRDA:44,6,0,0
BRDA:44,6,1,0
BRDA:45,7,0,0
BRDA:45,7,1,0
BRF:14
BRH:0
end_of_record
